ERROR 2025-12-27 12:01:08,194 views Error during face recognition: 'FaceExtractionResult' object is not subscriptable
Traceback (most recent call last):
  File "D:\python aiiii\librarymanagementsystem\idchartrecognation\views.py", line 325, in process_recognition_image
    if not result['success']:
TypeError: 'FaceExtractionResult' object is not subscriptable
ERROR 2025-12-28 16:51:35,465 views Error during face recognition: 'FaceExtractionResult' object is not subscriptable
Traceback (most recent call last):
  File "D:\python aiiii\librarymanagementsystem\idchartrecognation\views.py", line 325, in process_recognition_image
    if not result['success']:
TypeError: 'FaceExtractionResult' object is not subscriptable
ERROR 2025-12-29 16:33:14,174 views Error during face recognition: 'FaceExtractionResult' object is not subscriptable
Traceback (most recent call last):
  File "D:\python aiiii\librarymanagementsystem\idchartrecognation\views.py", line 325, in process_recognition_image
    if not result['success']:
TypeError: 'FaceExtractionResult' object is not subscriptable
ERROR 2025-12-29 16:33:23,715 views Error during face recognition: 'FaceExtractionResult' object is not subscriptable
Traceback (most recent call last):
  File "D:\python aiiii\librarymanagementsystem\idchartrecognation\views.py", line 325, in process_recognition_image
    if not result['success']:
TypeError: 'FaceExtractionResult' object is not subscriptable
ERROR 2025-12-31 16:42:37,835 views Error during face recognition: 'FaceExtractionResult' object is not subscriptable
Traceback (most recent call last):
  File "D:\python aiiii\librarymanagementsystem\idchartrecognation\views.py", line 325, in process_recognition_image
    if not result['success']:
TypeError: 'FaceExtractionResult' object is not subscriptable
ERROR 2026-01-07 16:07:59,276 views Error during face recognition: 'FaceExtractionResult' object is not subscriptable
Traceback (most recent call last):
  File "D:\python aiiii\librarymanagementsystem\idchartrecognation\views.py", line 343, in process_recognition_image
    if not result['success']:
TypeError: 'FaceExtractionResult' object is not subscriptable
ERROR 2026-01-07 16:08:14,407 views Error during face recognition: 'FaceExtractionResult' object is not subscriptable
Traceback (most recent call last):
  File "D:\python aiiii\librarymanagementsystem\idchartrecognation\views.py", line 343, in process_recognition_image
    if not result['success']:
TypeError: 'FaceExtractionResult' object is not subscriptable
